<?xml version="1.0" encoding="UTF-8"?>
<testng-results retried="1" ignored="0" total="5" passed="3" failed="1" skipped="0">
  <reporter-output>
  </reporter-output>
  <suite started-at="2023-07-20T11:53:48 IST" name="Intelliant_scripts" finished-at="2023-07-20T12:00:45 IST" duration-ms="416832">
    <groups>
    </groups>
    <test started-at="2023-07-20T11:53:48 IST" name="One_chat" finished-at="2023-07-20T11:54:54 IST" duration-ms="66721">
      <class name="intelliantframework.One_Chat.One_chat_script_one">
        <test-method is-config="true" signature="initalizedriver()[pri:0, instance:intelliantframework.One_Chat.One_chat_script_one@61c4eee0]" started-at="2023-07-20T11:53:48 IST" name="initalizedriver" finished-at="2023-07-20T11:53:52 IST" duration-ms="4645" status="PASS">
          <reporter-output>
          </reporter-output>
        </test-method> <!-- initalizedriver -->
        <test-method retried="true" signature="one_chat()[pri:0, instance:intelliantframework.One_Chat.One_chat_script_one@61c4eee0]" started-at="2023-07-20T11:53:52 IST" name="one_chat" finished-at="2023-07-20T11:54:52 IST" duration-ms="59918" status="SKIP">
          <exception class="org.openqa.selenium.ElementClickInterceptedException">
            <message>
              <![CDATA[element click intercepted: Element <p class="rounded-pill py-3 px-4 msg-text w-100">...</p> is not clickable at point (1115, 783). Other element would receive the click: <span>...</span>
  (Session info: chrome=114.0.5735.110)
Build info: version: '4.10.0', revision: 'c14d967899'
System info: os.name: 'Windows 10', os.arch: 'amd64', os.version: '10.0', java.version: '19'
Driver info: org.openqa.selenium.chrome.ChromeDriver
Command: [7390442a1aa31355fd8f2c6e07420ac9, clickElement {id=7EE8D45D34520F97B7BD7707D539428C_element_418}]
Capabilities {acceptInsecureCerts: false, browserName: chrome, browserVersion: 114.0.5735.110, chrome: {chromedriverVersion: 114.0.5735.90 (386bc09e8f4f..., userDataDir: C:\Users\dell\AppData\Local...}, goog:chromeOptions: {debuggerAddress: localhost:57779}, networkConnectionEnabled: false, pageLoadStrategy: normal, platformName: windows, proxy: Proxy(), se:cdp: ws://localhost:57779/devtoo..., se:cdpVersion: 114.0.5735.110, setWindowRect: true, strictFileInteractability: false, timeouts: {implicit: 0, pageLoad: 300000, script: 30000}, unhandledPromptBehavior: dismiss and notify, webauthn:extension:credBlob: true, webauthn:extension:largeBlob: true, webauthn:extension:minPinLength: true, webauthn:extension:prf: true, webauthn:virtualAuthenticators: true}
Element: [[ChromeDriver: chrome on windows (7390442a1aa31355fd8f2c6e07420ac9)] -> xpath: //p[text()='Thank you for your patience. You can return the item for any reason within 90 days of purchase.']]
Session ID: 7390442a1aa31355fd8f2c6e07420ac9]]>
            </message>
            <full-stacktrace>
              <![CDATA[org.openqa.selenium.ElementClickInterceptedException: element click intercepted: Element <p class="rounded-pill py-3 px-4 msg-text w-100">...</p> is not clickable at point (1115, 783). Other element would receive the click: <span>...</span>
  (Session info: chrome=114.0.5735.110)
Build info: version: '4.10.0', revision: 'c14d967899'
System info: os.name: 'Windows 10', os.arch: 'amd64', os.version: '10.0', java.version: '19'
Driver info: org.openqa.selenium.chrome.ChromeDriver
Command: [7390442a1aa31355fd8f2c6e07420ac9, clickElement {id=7EE8D45D34520F97B7BD7707D539428C_element_418}]
Capabilities {acceptInsecureCerts: false, browserName: chrome, browserVersion: 114.0.5735.110, chrome: {chromedriverVersion: 114.0.5735.90 (386bc09e8f4f..., userDataDir: C:\Users\dell\AppData\Local...}, goog:chromeOptions: {debuggerAddress: localhost:57779}, networkConnectionEnabled: false, pageLoadStrategy: normal, platformName: windows, proxy: Proxy(), se:cdp: ws://localhost:57779/devtoo..., se:cdpVersion: 114.0.5735.110, setWindowRect: true, strictFileInteractability: false, timeouts: {implicit: 0, pageLoad: 300000, script: 30000}, unhandledPromptBehavior: dismiss and notify, webauthn:extension:credBlob: true, webauthn:extension:largeBlob: true, webauthn:extension:minPinLength: true, webauthn:extension:prf: true, webauthn:virtualAuthenticators: true}
Element: [[ChromeDriver: chrome on windows (7390442a1aa31355fd8f2c6e07420ac9)] -> xpath: //p[text()='Thank you for your patience. You can return the item for any reason within 90 days of purchase.']]
Session ID: 7390442a1aa31355fd8f2c6e07420ac9
at java.base/jdk.internal.reflect.DirectConstructorHandleAccessor.newInstance(DirectConstructorHandleAccessor.java:67)
at java.base/java.lang.reflect.Constructor.newInstanceWithCaller(Constructor.java:500)
at java.base/java.lang.reflect.Constructor.newInstance(Constructor.java:484)
at org.openqa.selenium.remote.codec.w3c.W3CHttpResponseCodec.createException(W3CHttpResponseCodec.java:199)
at org.openqa.selenium.remote.codec.w3c.W3CHttpResponseCodec.decode(W3CHttpResponseCodec.java:132)
at org.openqa.selenium.remote.codec.w3c.W3CHttpResponseCodec.decode(W3CHttpResponseCodec.java:51)
at org.openqa.selenium.remote.HttpCommandExecutor.execute(HttpCommandExecutor.java:191)
at org.openqa.selenium.remote.service.DriverCommandExecutor.invokeExecute(DriverCommandExecutor.java:196)
at org.openqa.selenium.remote.service.DriverCommandExecutor.execute(DriverCommandExecutor.java:171)
at org.openqa.selenium.remote.RemoteWebDriver.execute(RemoteWebDriver.java:531)
at org.openqa.selenium.remote.RemoteWebElement.execute(RemoteWebElement.java:242)
at org.openqa.selenium.remote.RemoteWebElement.click(RemoteWebElement.java:77)
at java.base/jdk.internal.reflect.DirectMethodHandleAccessor.invoke(DirectMethodHandleAccessor.java:104)
at java.base/java.lang.reflect.Method.invoke(Method.java:578)
at org.openqa.selenium.support.pagefactory.internal.LocatingElementHandler.invoke(LocatingElementHandler.java:51)
at jdk.proxy2/jdk.proxy2.$Proxy17.click(Unknown Source)
at intelliantframework.pageobjects.ChatObjects.click_Thank_you_for_your_patience_You_can_return_the_item_for_any_reason_within_90_days_of_purchase(ChatObjects.java:171)
at intelliantframework.One_Chat.One_chat_script_one.one_chat(One_chat_script_one.java:43)
at java.base/jdk.internal.reflect.DirectMethodHandleAccessor.invoke(DirectMethodHandleAccessor.java:104)
at java.base/java.lang.reflect.Method.invoke(Method.java:578)
at org.testng.internal.MethodInvocationHelper.invokeMethod(MethodInvocationHelper.java:133)
at org.testng.internal.TestInvoker.invokeMethod(TestInvoker.java:598)
at org.testng.internal.TestInvoker.invokeTestMethod(TestInvoker.java:173)
at org.testng.internal.MethodRunner.runInSequence(MethodRunner.java:46)
at org.testng.internal.TestInvoker$MethodInvocationAgent.invoke(TestInvoker.java:824)
at org.testng.internal.TestInvoker.invokeTestMethods(TestInvoker.java:146)
at org.testng.internal.TestMethodWorker.invokeTestMethods(TestMethodWorker.java:146)
at org.testng.internal.TestMethodWorker.run(TestMethodWorker.java:128)
at java.base/java.util.ArrayList.forEach(ArrayList.java:1511)
at org.testng.TestRunner.privateRun(TestRunner.java:794)
at org.testng.TestRunner.run(TestRunner.java:596)
at org.testng.SuiteRunner.runTest(SuiteRunner.java:377)
at org.testng.SuiteRunner.runSequentially(SuiteRunner.java:371)
at org.testng.SuiteRunner.privateRun(SuiteRunner.java:332)
at org.testng.SuiteRunner.run(SuiteRunner.java:276)
at org.testng.SuiteRunnerWorker.runSuite(SuiteRunnerWorker.java:53)
at org.testng.SuiteRunnerWorker.run(SuiteRunnerWorker.java:96)
at org.testng.TestNG.runSuitesSequentially(TestNG.java:1212)
at org.testng.TestNG.runSuitesLocally(TestNG.java:1134)
at org.testng.TestNG.runSuites(TestNG.java:1063)
at org.testng.TestNG.run(TestNG.java:1031)
at org.testng.remote.AbstractRemoteTestNG.run(AbstractRemoteTestNG.java:115)
at org.testng.remote.RemoteTestNG.initAndRun(RemoteTestNG.java:251)
at org.testng.remote.RemoteTestNG.main(RemoteTestNG.java:77)
]]>
            </full-stacktrace>
          </exception> <!-- org.openqa.selenium.ElementClickInterceptedException -->
          <reporter-output>
          </reporter-output>
        </test-method> <!-- one_chat -->
        <test-method signature="one_chat()[pri:0, instance:intelliantframework.One_Chat.One_chat_script_one@61c4eee0]" started-at="2023-07-20T11:54:52 IST" name="one_chat" finished-at="2023-07-20T11:54:53 IST" duration-ms="117" status="FAIL">
          <exception class="org.openqa.selenium.UnhandledAlertException">
            <message>
              <![CDATA[unexpected alert open: {Alert text : }
  (Session info: chrome=114.0.5735.110): {Alert text : 
Build info: version: '4.10.0', revision: 'c14d967899'
System info: os.name: 'Windows 10', os.arch: 'amd64', os.version: '10.0', java.version: '19'
Driver info: org.openqa.selenium.chrome.ChromeDriver
Command: [7390442a1aa31355fd8f2c6e07420ac9, findElement {using=css selector, value=.col-md-3:nth-child(4) .background-icon}]
Capabilities {acceptInsecureCerts: false, browserName: chrome, browserVersion: 114.0.5735.110, chrome: {chromedriverVersion: 114.0.5735.90 (386bc09e8f4f..., userDataDir: C:\Users\dell\AppData\Local...}, goog:chromeOptions: {debuggerAddress: localhost:57779}, networkConnectionEnabled: false, pageLoadStrategy: normal, platformName: windows, proxy: Proxy(), se:cdp: ws://localhost:57779/devtoo..., se:cdpVersion: 114.0.5735.110, setWindowRect: true, strictFileInteractability: false, timeouts: {implicit: 0, pageLoad: 300000, script: 30000}, unhandledPromptBehavior: dismiss and notify, webauthn:extension:credBlob: true, webauthn:extension:largeBlob: true, webauthn:extension:minPinLength: true, webauthn:extension:prf: true, webauthn:virtualAuthenticators: true}
Session ID: 7390442a1aa31355fd8f2c6e07420ac9]]>
            </message>
            <full-stacktrace>
              <![CDATA[org.openqa.selenium.UnhandledAlertException: unexpected alert open: {Alert text : }
  (Session info: chrome=114.0.5735.110): {Alert text : 
Build info: version: '4.10.0', revision: 'c14d967899'
System info: os.name: 'Windows 10', os.arch: 'amd64', os.version: '10.0', java.version: '19'
Driver info: org.openqa.selenium.chrome.ChromeDriver
Command: [7390442a1aa31355fd8f2c6e07420ac9, findElement {using=css selector, value=.col-md-3:nth-child(4) .background-icon}]
Capabilities {acceptInsecureCerts: false, browserName: chrome, browserVersion: 114.0.5735.110, chrome: {chromedriverVersion: 114.0.5735.90 (386bc09e8f4f..., userDataDir: C:\Users\dell\AppData\Local...}, goog:chromeOptions: {debuggerAddress: localhost:57779}, networkConnectionEnabled: false, pageLoadStrategy: normal, platformName: windows, proxy: Proxy(), se:cdp: ws://localhost:57779/devtoo..., se:cdpVersion: 114.0.5735.110, setWindowRect: true, strictFileInteractability: false, timeouts: {implicit: 0, pageLoad: 300000, script: 30000}, unhandledPromptBehavior: dismiss and notify, webauthn:extension:credBlob: true, webauthn:extension:largeBlob: true, webauthn:extension:minPinLength: true, webauthn:extension:prf: true, webauthn:virtualAuthenticators: true}
Session ID: 7390442a1aa31355fd8f2c6e07420ac9
at org.openqa.selenium.remote.codec.w3c.W3CHttpResponseCodec.decode(W3CHttpResponseCodec.java:130)
at org.openqa.selenium.remote.codec.w3c.W3CHttpResponseCodec.decode(W3CHttpResponseCodec.java:51)
at org.openqa.selenium.remote.HttpCommandExecutor.execute(HttpCommandExecutor.java:191)
at org.openqa.selenium.remote.service.DriverCommandExecutor.invokeExecute(DriverCommandExecutor.java:196)
at org.openqa.selenium.remote.service.DriverCommandExecutor.execute(DriverCommandExecutor.java:171)
at org.openqa.selenium.remote.RemoteWebDriver.execute(RemoteWebDriver.java:531)
at org.openqa.selenium.remote.ElementLocation$ElementFinder$2.findElement(ElementLocation.java:165)
at org.openqa.selenium.remote.ElementLocation.findElement(ElementLocation.java:59)
at org.openqa.selenium.remote.RemoteWebDriver.findElement(RemoteWebDriver.java:350)
at org.openqa.selenium.remote.RemoteWebDriver.findElement(RemoteWebDriver.java:344)
at org.openqa.selenium.support.pagefactory.DefaultElementLocator.findElement(DefaultElementLocator.java:68)
at org.openqa.selenium.support.pagefactory.internal.LocatingElementHandler.invoke(LocatingElementHandler.java:38)
at jdk.proxy2/jdk.proxy2.$Proxy17.click(Unknown Source)
at intelliantframework.One_Chat.One_chat_script_one.one_chat(One_chat_script_one.java:22)
at java.base/jdk.internal.reflect.DirectMethodHandleAccessor.invoke(DirectMethodHandleAccessor.java:104)
at java.base/java.lang.reflect.Method.invoke(Method.java:578)
at org.testng.internal.MethodInvocationHelper.invokeMethod(MethodInvocationHelper.java:133)
at org.testng.internal.TestInvoker.invokeMethod(TestInvoker.java:598)
at org.testng.internal.TestInvoker.retryFailed(TestInvoker.java:213)
at org.testng.internal.MethodRunner.runInSequence(MethodRunner.java:58)
at org.testng.internal.TestInvoker$MethodInvocationAgent.invoke(TestInvoker.java:824)
at org.testng.internal.TestInvoker.invokeTestMethods(TestInvoker.java:146)
at org.testng.internal.TestMethodWorker.invokeTestMethods(TestMethodWorker.java:146)
at org.testng.internal.TestMethodWorker.run(TestMethodWorker.java:128)
at java.base/java.util.ArrayList.forEach(ArrayList.java:1511)
at org.testng.TestRunner.privateRun(TestRunner.java:794)
at org.testng.TestRunner.run(TestRunner.java:596)
at org.testng.SuiteRunner.runTest(SuiteRunner.java:377)
at org.testng.SuiteRunner.runSequentially(SuiteRunner.java:371)
at org.testng.SuiteRunner.privateRun(SuiteRunner.java:332)
at org.testng.SuiteRunner.run(SuiteRunner.java:276)
at org.testng.SuiteRunnerWorker.runSuite(SuiteRunnerWorker.java:53)
at org.testng.SuiteRunnerWorker.run(SuiteRunnerWorker.java:96)
at org.testng.TestNG.runSuitesSequentially(TestNG.java:1212)
at org.testng.TestNG.runSuitesLocally(TestNG.java:1134)
at org.testng.TestNG.runSuites(TestNG.java:1063)
at org.testng.TestNG.run(TestNG.java:1031)
at org.testng.remote.AbstractRemoteTestNG.run(AbstractRemoteTestNG.java:115)
at org.testng.remote.RemoteTestNG.initAndRun(RemoteTestNG.java:251)
at org.testng.remote.RemoteTestNG.main(RemoteTestNG.java:77)
]]>
            </full-stacktrace>
          </exception> <!-- org.openqa.selenium.UnhandledAlertException -->
          <reporter-output>
          </reporter-output>
        </test-method> <!-- one_chat -->
        <test-method is-config="true" signature="tearDown()[pri:0, instance:intelliantframework.One_Chat.One_chat_script_one@61c4eee0]" started-at="2023-07-20T11:54:53 IST" name="tearDown" finished-at="2023-07-20T11:54:54 IST" duration-ms="1383" status="PASS">
          <reporter-output>
          </reporter-output>
        </test-method> <!-- tearDown -->
      </class> <!-- intelliantframework.One_Chat.One_chat_script_one -->
    </test> <!-- One_chat -->
    <test started-at="2023-07-20T11:54:55 IST" name="Two_chat" finished-at="2023-07-20T11:58:44 IST" duration-ms="229193">
      <class name="intelliantframework.Two_Chat.Two_Chat_script_one">
        <test-method is-config="true" signature="initalizedriver()[pri:0, instance:intelliantframework.Two_Chat.Two_Chat_script_one@1c742ed4]" started-at="2023-07-20T11:54:55 IST" name="initalizedriver" finished-at="2023-07-20T11:54:57 IST" duration-ms="1359" status="PASS">
          <reporter-output>
          </reporter-output>
        </test-method> <!-- initalizedriver -->
        <test-method signature="Two_chat()[pri:0, instance:intelliantframework.Two_Chat.Two_Chat_script_one@1c742ed4]" started-at="2023-07-20T11:54:57 IST" name="Two_chat" finished-at="2023-07-20T11:58:43 IST" duration-ms="226819" status="PASS">
          <reporter-output>
          </reporter-output>
        </test-method> <!-- Two_chat -->
        <test-method is-config="true" signature="tearDown()[pri:0, instance:intelliantframework.Two_Chat.Two_Chat_script_one@1c742ed4]" started-at="2023-07-20T11:58:43 IST" name="tearDown" finished-at="2023-07-20T11:58:44 IST" duration-ms="1010" status="PASS">
          <reporter-output>
          </reporter-output>
        </test-method> <!-- tearDown -->
      </class> <!-- intelliantframework.Two_Chat.Two_Chat_script_one -->
    </test> <!-- Two_chat -->
    <test started-at="2023-07-20T11:58:44 IST" name="Typing" finished-at="2023-07-20T11:58:54 IST" duration-ms="10009">
      <class name="intelliantframework.Typing.Typing_Script_one">
        <test-method is-config="true" signature="initalizedriver()[pri:0, instance:intelliantframework.Typing.Typing_Script_one@7e990ed7]" started-at="2023-07-20T11:58:44 IST" name="initalizedriver" finished-at="2023-07-20T11:58:46 IST" duration-ms="1369" status="PASS">
          <reporter-output>
          </reporter-output>
        </test-method> <!-- initalizedriver -->
        <test-method signature="Typing_test_one()[pri:0, instance:intelliantframework.Typing.Typing_Script_one@7e990ed7]" started-at="2023-07-20T11:58:46 IST" name="Typing_test_one" finished-at="2023-07-20T11:58:54 IST" duration-ms="8322" status="PASS">
          <reporter-output>
          </reporter-output>
        </test-method> <!-- Typing_test_one -->
        <test-method is-config="true" signature="tearDown()[pri:0, instance:intelliantframework.Typing.Typing_Script_one@7e990ed7]" started-at="2023-07-20T11:58:54 IST" name="tearDown" finished-at="2023-07-20T11:58:54 IST" duration-ms="314" status="PASS">
          <reporter-output>
          </reporter-output>
        </test-method> <!-- tearDown -->
      </class> <!-- intelliantframework.Typing.Typing_Script_one -->
    </test> <!-- Typing -->
    <test started-at="2023-07-20T11:58:54 IST" name="Voice_Service" finished-at="2023-07-20T12:00:45 IST" duration-ms="110122">
      <class name="intelliantframework.Voice_Service.Voice_Service_Script_one">
        <test-method is-config="true" signature="initalizedriver()[pri:0, instance:intelliantframework.Voice_Service.Voice_Service_Script_one@60f00693]" started-at="2023-07-20T11:58:54 IST" name="initalizedriver" finished-at="2023-07-20T11:58:56 IST" duration-ms="1285" status="PASS">
          <reporter-output>
          </reporter-output>
        </test-method> <!-- initalizedriver -->
        <test-method signature="Voice_one()[pri:0, instance:intelliantframework.Voice_Service.Voice_Service_Script_one@60f00693]" started-at="2023-07-20T11:58:56 IST" name="Voice_one" finished-at="2023-07-20T12:00:44 IST" duration-ms="108138" status="PASS">
          <reporter-output>
          </reporter-output>
        </test-method> <!-- Voice_one -->
        <test-method is-config="true" signature="tearDown()[pri:0, instance:intelliantframework.Voice_Service.Voice_Service_Script_one@60f00693]" started-at="2023-07-20T12:00:44 IST" name="tearDown" finished-at="2023-07-20T12:00:45 IST" duration-ms="696" status="PASS">
          <reporter-output>
          </reporter-output>
        </test-method> <!-- tearDown -->
      </class> <!-- intelliantframework.Voice_Service.Voice_Service_Script_one -->
    </test> <!-- Voice_Service -->
  </suite> <!-- Intelliant_scripts -->
</testng-results>
